# JRE version: OpenJDK Runtime Environment (21.0.7) (build 21.0.7+-13880790-b1038.58)
# Java VM: OpenJDK 64-Bit Server VM (21.0.7+-13880790-b1038.58, mixed mode, tiered, compressed oops, compressed class ptrs, g1 gc, windows-amd64)
GC Precious Log:
 CardTable entry size: 512
 Card Set container configuration: InlinePtr #cards 5 size 8 Array Of Cards #cards 12 size 40 Howl #buckets 4 coarsen threshold 1843 Howl Bitmap #cards 512 size 80 coarsen threshold 460 Card regions per heap region 1 cards per card region 2048
 CPUs: 16 total, 16 available
 Memory: 16098M
 Large Page Support: Disabled
 NUMA Support: Disabled
 Compressed Oops: Enabled (32-bit)
 Heap Region Size: 1M
 Heap Min Capacity: 8M
 Heap Initial Capacity: 252M
 Heap Max Capacity: 2G
 Pre-touch: Disabled
 Parallel Workers: 13
 Concurrent Workers: 3
 Concurrent Refinement Workers: 13
 Periodic GC: Disabled
Heap:
 garbage-first heap   total 236544K, used 211718K [0x0000000080000000, 0x0000000100000000)
  region size 1024K, 96 young (98304K), 10 survivors (10240K)
 Metaspace       used 116846K, committed 119168K, reserved 1179648K
  class space    used 16714K, committed 17856K, reserved 1048576K
GC Heap History (20 events):
Event: 13.160 GC heap before
{Heap before GC invocations=25 (full 0):
 garbage-first heap   total 165888K, used 144709K [0x0000000080000000, 0x0000000100000000)
  region size 1024K, 75 young (76800K), 6 survivors (6144K)
 Metaspace       used 88480K, committed 90560K, reserved 1179648K
  class space    used 12866K, committed 13888K, reserved 1048576K
}
Event: 13.167 GC heap after
{Heap after GC invocations=26 (full 0):
 garbage-first heap   total 165888K, used 77456K [0x0000000080000000, 0x0000000100000000)
  region size 1024K, 8 young (8192K), 8 survivors (8192K)
 Metaspace       used 88480K, committed 90560K, reserved 1179648K
  class space    used 12866K, committed 13888K, reserved 1048576K
}
Event: 14.508 GC heap before
{Heap before GC invocations=27 (full 0):
 garbage-first heap   total 165888K, used 156304K [0x0000000080000000, 0x0000000100000000)
  region size 1024K, 77 young (78848K), 8 survivors (8192K)
 Metaspace       used 91641K, committed 93760K, reserved 1179648K
  class space    used 13367K, committed 14400K, reserved 1048576K
}
Event: 14.518 GC heap after
{Heap after GC invocations=28 (full 0):
 garbage-first heap   total 176128K, used 95701K [0x0000000080000000, 0x0000000100000000)
  region size 1024K, 10 young (10240K), 10 survivors (10240K)
 Metaspace       used 91641K, committed 93760K, reserved 1179648K
  class space    used 13367K, committed 14400K, reserved 1048576K
}
Event: 15.383 GC heap before
{Heap before GC invocations=28 (full 0):
 garbage-first heap   total 176128K, used 168405K [0x0000000080000000, 0x0000000100000000)
  region size 1024K, 68 young (69632K), 10 survivors (10240K)
 Metaspace       used 93430K, committed 95680K, reserved 1179648K
  class space    used 13680K, committed 14784K, reserved 1048576K
}
Event: 15.392 GC heap after
{Heap after GC invocations=29 (full 0):
 garbage-first heap   total 186368K, used 106690K [0x0000000080000000, 0x0000000100000000)
  region size 1024K, 5 young (5120K), 5 survivors (5120K)
 Metaspace       used 93430K, committed 95680K, reserved 1179648K
  class space    used 13680K, committed 14784K, reserved 1048576K
}
Event: 15.518 GC heap before
{Heap before GC invocations=29 (full 0):
 garbage-first heap   total 186368K, used 134338K [0x0000000080000000, 0x0000000100000000)
  region size 1024K, 33 young (33792K), 5 survivors (5120K)
 Metaspace       used 93834K, committed 96128K, reserved 1179648K
  class space    used 13773K, committed 14912K, reserved 1048576K
}
Event: 15.523 GC heap after
{Heap after GC invocations=30 (full 0):
 garbage-first heap   total 186368K, used 100110K [0x0000000080000000, 0x0000000100000000)
  region size 1024K, 5 young (5120K), 5 survivors (5120K)
 Metaspace       used 93834K, committed 96128K, reserved 1179648K
  class space    used 13773K, committed 14912K, reserved 1048576K
}
Event: 16.036 GC heap before
{Heap before GC invocations=31 (full 0):
 garbage-first heap   total 186368K, used 181006K [0x0000000080000000, 0x0000000100000000)
  region size 1024K, 71 young (72704K), 5 survivors (5120K)
 Metaspace       used 94323K, committed 96640K, reserved 1179648K
  class space    used 13823K, committed 14976K, reserved 1048576K
}
Event: 16.042 GC heap after
{Heap after GC invocations=32 (full 0):
 garbage-first heap   total 192512K, used 111823K [0x0000000080000000, 0x0000000100000000)
  region size 1024K, 9 young (9216K), 9 survivors (9216K)
 Metaspace       used 94323K, committed 96640K, reserved 1179648K
  class space    used 13823K, committed 14976K, reserved 1048576K
}
Event: 16.523 GC heap before
{Heap before GC invocations=32 (full 0):
 garbage-first heap   total 192512K, used 171215K [0x0000000080000000, 0x0000000100000000)
  region size 1024K, 68 young (69632K), 9 survivors (9216K)
 Metaspace       used 94572K, committed 96832K, reserved 1179648K
  class space    used 13854K, committed 14976K, reserved 1048576K
}
Event: 16.530 GC heap after
{Heap after GC invocations=33 (full 0):
 garbage-first heap   total 192512K, used 106488K [0x0000000080000000, 0x0000000100000000)
  region size 1024K, 6 young (6144K), 6 survivors (6144K)
 Metaspace       used 94572K, committed 96832K, reserved 1179648K
  class space    used 13854K, committed 14976K, reserved 1048576K
}
Event: 17.077 GC heap before
{Heap before GC invocations=33 (full 0):
 garbage-first heap   total 192512K, used 163832K [0x0000000080000000, 0x0000000100000000)
  region size 1024K, 64 young (65536K), 6 survivors (6144K)
 Metaspace       used 94619K, committed 96832K, reserved 1179648K
  class space    used 13862K, committed 14976K, reserved 1048576K
}
Event: 17.082 GC heap after
{Heap after GC invocations=34 (full 0):
 garbage-first heap   total 192512K, used 108097K [0x0000000080000000, 0x0000000100000000)
  region size 1024K, 7 young (7168K), 7 survivors (7168K)
 Metaspace       used 94619K, committed 96832K, reserved 1179648K
  class space    used 13862K, committed 14976K, reserved 1048576K
}
Event: 17.596 GC heap before
{Heap before GC invocations=35 (full 0):
 garbage-first heap   total 192512K, used 175681K [0x0000000080000000, 0x0000000100000000)
  region size 1024K, 72 young (73728K), 7 survivors (7168K)
 Metaspace       used 100762K, committed 103040K, reserved 1179648K
  class space    used 14560K, committed 15680K, reserved 1048576K
}
Event: 17.602 GC heap after
{Heap after GC invocations=36 (full 0):
 garbage-first heap   total 192512K, used 113092K [0x0000000080000000, 0x0000000100000000)
  region size 1024K, 8 young (8192K), 8 survivors (8192K)
 Metaspace       used 100762K, committed 103040K, reserved 1179648K
  class space    used 14560K, committed 15680K, reserved 1048576K
}
Event: 18.406 GC heap before
{Heap before GC invocations=36 (full 0):
 garbage-first heap   total 192512K, used 179652K [0x0000000080000000, 0x0000000100000000)
  region size 1024K, 67 young (68608K), 8 survivors (8192K)
 Metaspace       used 105385K, committed 107712K, reserved 1179648K
  class space    used 15136K, committed 16256K, reserved 1048576K
}
Event: 18.412 GC heap after
{Heap after GC invocations=37 (full 0):
 garbage-first heap   total 236544K, used 119536K [0x0000000080000000, 0x0000000100000000)
  region size 1024K, 9 young (9216K), 9 survivors (9216K)
 Metaspace       used 105385K, committed 107712K, reserved 1179648K
  class space    used 15136K, committed 16256K, reserved 1048576K
}
Event: 19.917 GC heap before
{Heap before GC invocations=37 (full 0):
 garbage-first heap   total 236544K, used 211696K [0x0000000080000000, 0x0000000100000000)
  region size 1024K, 99 young (101376K), 9 survivors (9216K)
 Metaspace       used 112360K, committed 114624K, reserved 1179648K
  class space    used 16101K, committed 17216K, reserved 1048576K
}
Event: 19.922 GC heap after
{Heap after GC invocations=38 (full 0):
 garbage-first heap   total 236544K, used 123654K [0x0000000080000000, 0x0000000100000000)
  region size 1024K, 10 young (10240K), 10 survivors (10240K)
 Metaspace       used 112360K, committed 114624K, reserved 1179648K
  class space    used 16101K, committed 17216K, reserved 1048576K
}

